<?xml version="1.0" encoding="UTF-8"?>
<testsuite xmlns:xsi="http://www.w3.org/2001/XMLSchema-instance" xsi:noNamespaceSchemaLocation="https://maven.apache.org/surefire/maven-surefire-plugin/xsd/surefire-test-report.xsd" version="3.0.2" name="com.soporte.tickets.TicketsApplicationTests" time="4.986" tests="1" errors="0" skipped="0" failures="0">
  <properties>
[...]
</properties>
  <testcase name="contextLoads" classname="com.soporte.tickets.TicketsApplicationTests" time="0.209">
    <system-out><![CDATA[08:15:14.008 [main] INFO org.springframework.test.context.support.AnnotationConfigContextLoaderUtils -- Could not detect default configuration classes for test class [com.soporte.tickets.TicketsApplicationTests]: TicketsApplicationTests does not declare any static, non-private, non-final, nested classes annotated with @Configuration.
08:15:14.101 [main] INFO org.springframework.boot.test.context.SpringBootTestContextBootstrapper -- Found @SpringBootConfiguration com.soporte.tickets.TicketsApplication for test class com.soporte.tickets.TicketsApplicationTests

  .   ____          _            __ _ _
 /\\ / ___'_ __ _ _(_)_ __  __ _ \ \ \ \
( ( )\___ | '_ | '_| | '_ \/ _` | \ \ \ \
 \\/  ___)| |_)| | | | | || (_| |  ) ) ) )
  '  |____| .__|_| |_|_| |_\__, | / / / /
 =========|_|==============|___/=/_/_/_/

 :: Spring Boot ::                (v4.0.3)

2026-05-20T08:15:14.423-05:00  INFO 12696 --- [tickets] [           main] c.s.tickets.TicketsApplicationTests      : Starting TicketsApplicationTests using Java 25.0.2 with PID 12696 (started by Udenar_ in C:\Users\Udenar_\Documents\tickets-backend\tickets-backend)
2026-05-20T08:15:14.425-05:00  INFO 12696 --- [tickets] [           main] c.s.tickets.TicketsApplicationTests      : No active profile set, falling back to 1 default profile: "default"
2026-05-20T08:15:14.990-05:00  INFO 12696 --- [tickets] [           main] .s.d.r.c.RepositoryConfigurationDelegate : Bootstrapping Spring Data JPA repositories in DEFAULT mode.
2026-05-20T08:15:15.043-05:00  INFO 12696 --- [tickets] [           main] .s.d.r.c.RepositoryConfigurationDelegate : Finished Spring Data repository scanning in 46 ms. Found 4 JPA repository interfaces.
2026-05-20T08:15:15.452-05:00  INFO 12696 --- [tickets] [           main] org.hibernate.orm.jpa                    : HHH008540: Processing PersistenceUnitInfo [name: default]
2026-05-20T08:15:15.492-05:00  INFO 12696 --- [tickets] [           main] org.hibernate.orm.core                   : HHH000001: Hibernate ORM core version 7.2.4.Final
2026-05-20T08:15:15.848-05:00  INFO 12696 --- [tickets] [           main] o.s.o.j.p.SpringPersistenceUnitInfo      : No LoadTimeWeaver setup: ignoring JPA class transformer
2026-05-20T08:15:15.873-05:00  INFO 12696 --- [tickets] [           main] com.zaxxer.hikari.HikariDataSource       : HikariPool-1 - Starting...
2026-05-20T08:15:16.006-05:00  INFO 12696 --- [tickets] [           main] com.zaxxer.hikari.pool.HikariPool        : HikariPool-1 - Added connection org.postgresql.jdbc.PgConnection@52dd1be2
2026-05-20T08:15:16.007-05:00  INFO 12696 --- [tickets] [           main] com.zaxxer.hikari.HikariDataSource       : HikariPool-1 - Start completed.
2026-05-20T08:15:16.061-05:00  INFO 12696 --- [tickets] [           main] org.hibernate.orm.connections.pooling    : HHH10001005: Database info:
	Database JDBC URL [jdbc:postgresql://localhost:5432/tickets_db]
	Database driver: PostgreSQL JDBC Driver
	Database dialect: PostgreSQLDialect
	Database version: 18.2
	Default catalog/schema: tickets_db/public
	Autocommit mode: undefined/unknown
	Isolation level: READ_COMMITTED [default READ_COMMITTED]
	JDBC fetch size: none
	Pool: DataSourceConnectionProvider
	Minimum pool size: undefined/unknown
	Maximum pool size: undefined/unknown
2026-05-20T08:15:16.833-05:00  INFO 12696 --- [tickets] [           main] org.hibernate.orm.core                   : HHH000489: No JTA platform available (set 'hibernate.transaction.jta.platform' to enable JTA platform integration)
Hibernate: 
    create table categorias (
        id bigint generated by default as identity,
        created_at timestamp(6),
        descripcion varchar(255),
        nombre varchar(80) not null,
        primary key (id)
    )
Hibernate: 
    create table comentarios (
        id bigint generated by default as identity,
        contenido TEXT not null,
        created_at timestamp(6),
        autor_id bigint not null,
        ticket_id bigint not null,
        primary key (id)
    )
Hibernate: 
    create table tickets (
        id bigint generated by default as identity,
        closed_at timestamp(6),
        created_at timestamp(6),
        descripcion TEXT not null,
        prioridad varchar(255) not null check ((prioridad in ('BAJA','MEDIA','ALTA','CRITICA'))),
        status varchar(255) not null check ((status in ('ABIERTO','EN_PROCESO','PENDIENTE','RESUELTO','CERRADO'))),
        titulo varchar(150) not null,
        updated_at timestamp(6),
        asignado_a_id bigint,
        categoria_id bigint,
        creado_por_id bigint not null,
        primary key (id)
    )
Hibernate: 
    create table usuarios (
        id bigint generated by default as identity,
        apellido varchar(80),
        created_at timestamp(6),
        email varchar(100) not null,
        enabled boolean not null,
        nombre varchar(80),
        password varchar(255) not null,
        role varchar(255) not null check ((role in ('ADMIN','TECNICO','USUARIO'))),
        updated_at timestamp(6),
        username varchar(50) not null,
        primary key (id)
    )
Hibernate: 
    alter table if exists categorias 
       drop constraint if exists UKqcog8b7hps1hioi9onqwjdt6y
2026-05-20T08:15:16.977-05:00  WARN 12696 --- [tickets] [           main] org.hibernate.orm.jdbc.warn              : HHH000247: ErrorCode: 0, SQLState: 00000
2026-05-20T08:15:16.977-05:00  WARN 12696 --- [tickets] [           main] org.hibernate.orm.jdbc.warn              : constraint "ukqcog8b7hps1hioi9onqwjdt6y" of relation "categorias" does not exist, skipping
Hibernate: 
    alter table if exists categorias 
       add constraint UKqcog8b7hps1hioi9onqwjdt6y unique (nombre)
Hibernate: 
    alter table if exists usuarios 
       drop constraint if exists UKkfsp0s1tflm1cwlj8idhqsad0
2026-05-20T08:15:16.980-05:00  WARN 12696 --- [tickets] [           main] org.hibernate.orm.jdbc.warn              : HHH000247: ErrorCode: 0, SQLState: 00000
2026-05-20T08:15:16.980-05:00  WARN 12696 --- [tickets] [           main] org.hibernate.orm.jdbc.warn              : constraint "ukkfsp0s1tflm1cwlj8idhqsad0" of relation "usuarios" does not exist, skipping
Hibernate: 
    alter table if exists usuarios 
       add constraint UKkfsp0s1tflm1cwlj8idhqsad0 unique (email)
Hibernate: 
    alter table if exists usuarios 
       drop constraint if exists UKm2dvbwfge291euvmk6vkkocao
2026-05-20T08:15:16.981-05:00  WARN 12696 --- [tickets] [           main] org.hibernate.orm.jdbc.warn              : HHH000247: ErrorCode: 0, SQLState: 00000
2026-05-20T08:15:16.982-05:00  WARN 12696 --- [tickets] [           main] org.hibernate.orm.jdbc.warn              : constraint "ukm2dvbwfge291euvmk6vkkocao" of relation "usuarios" does not exist, skipping
Hibernate: 
    alter table if exists usuarios 
       add constraint UKm2dvbwfge291euvmk6vkkocao unique (username)
Hibernate: 
    alter table if exists comentarios 
       add constraint FKdv9tsu898wfvc7h0voss34pej 
       foreign key (autor_id) 
       references usuarios
Hibernate: 
    alter table if exists comentarios 
       add constraint FK8lqn8iqppt0iix31t39p30j51 
       foreign key (ticket_id) 
       references tickets
Hibernate: 
    alter table if exists tickets 
       add constraint FKi8jtpauv3d0tan2qq7dy4e38u 
       foreign key (asignado_a_id) 
       references usuarios
Hibernate: 
    alter table if exists tickets 
       add constraint FK945st5u4inomber9a3k8loqq6 
       foreign key (categoria_id) 
       references categorias
Hibernate: 
    alter table if exists tickets 
       add constraint FK2fmewh13yq69ighfagw3ss1ow 
       foreign key (creado_por_id) 
       references usuarios
2026-05-20T08:15:16.992-05:00  INFO 12696 --- [tickets] [           main] j.LocalContainerEntityManagerFactoryBean : Initialized JPA EntityManagerFactory for persistence unit 'default'
2026-05-20T08:15:17.060-05:00  INFO 12696 --- [tickets] [           main] o.s.d.j.r.query.QueryEnhancerFactories   : Hibernate is in classpath; If applicable, HQL parser will be used.
2026-05-20T08:15:17.253-05:00  INFO 12696 --- [tickets] [           main] eAuthenticationProviderManagerConfigurer : Global AuthenticationManager configured with AuthenticationProvider bean with name authenticationProvider
2026-05-20T08:15:17.253-05:00  WARN 12696 --- [tickets] [           main] r$InitializeUserDetailsManagerConfigurer : Global AuthenticationManager configured with an AuthenticationProvider bean. UserDetailsService beans will not be used by Spring Security for automatically configuring username/password login. Consider removing the AuthenticationProvider bean. Alternatively, consider using the UserDetailsService in a manually instantiated DaoAuthenticationProvider. If the current configuration is intentional, to turn off this warning, increase the logging level of 'org.springframework.security.config.annotation.authentication.configuration.InitializeUserDetailsBeanManagerConfigurer' to ERROR
2026-05-20T08:15:18.272-05:00  INFO 12696 --- [tickets] [           main] c.s.tickets.TicketsApplicationTests      : Started TicketsApplicationTests in 4.054 seconds (process running for 4.926)
Hibernate: 
    select
        count(*) 
    from
        usuarios u1_0
Hibernate: 
    insert 
    into
        usuarios
        (apellido, created_at, email, enabled, nombre, password, role, updated_at, username) 
    values
        (?, ?, ?, ?, ?, ?, ?, ?, ?)
Hibernate: 
    insert 
    into
        usuarios
        (apellido, created_at, email, enabled, nombre, password, role, updated_at, username) 
    values
        (?, ?, ?, ?, ?, ?, ?, ?, ?)
Hibernate: 
    insert 
    into
        usuarios
        (apellido, created_at, email, enabled, nombre, password, role, updated_at, username) 
    values
        (?, ?, ?, ?, ?, ?, ?, ?, ?)
Hibernate: 
    insert 
    into
        usuarios
        (apellido, created_at, email, enabled, nombre, password, role, updated_at, username) 
    values
        (?, ?, ?, ?, ?, ?, ?, ?, ?)
Hibernate: 
    insert 
    into
        usuarios
        (apellido, created_at, email, enabled, nombre, password, role, updated_at, username) 
    values
        (?, ?, ?, ?, ?, ?, ?, ?, ?)
2026-05-20T08:15:18.633-05:00  INFO 12696 --- [tickets] [           main] c.s.tickets.config.DataInitializer       : Usuarios de prueba creados
Hibernate: 
    select
        count(*) 
    from
        categorias c1_0
Hibernate: 
    insert 
    into
        categorias
        (created_at, descripcion, nombre) 
    values
        (?, ?, ?)
Hibernate: 
    insert 
    into
        categorias
        (created_at, descripcion, nombre) 
    values
        (?, ?, ?)
Hibernate: 
    insert 
    into
        categorias
        (created_at, descripcion, nombre) 
    values
        (?, ?, ?)
Hibernate: 
    insert 
    into
        categorias
        (created_at, descripcion, nombre) 
    values
        (?, ?, ?)
Hibernate: 
    insert 
    into
        categorias
        (created_at, descripcion, nombre) 
    values
        (?, ?, ?)
Hibernate: 
    insert 
    into
        categorias
        (created_at, descripcion, nombre) 
    values
        (?, ?, ?)
2026-05-20T08:15:18.648-05:00  INFO 12696 --- [tickets] [           main] c.s.tickets.config.DataInitializer       : Categorías de prueba creadas
2026-05-20T08:15:18.648-05:00  INFO 12696 --- [tickets] [           main] c.s.tickets.config.DataInitializer       : Datos iniciales cargados correctamente
]]></system-out>
    <system-err><![CDATA[Mockito is currently self-attaching to enable the inline-mock-maker. This will no longer work in future releases of the JDK. Please add Mockito as an agent to your build as described in Mockito's documentation: https://javadoc.io/doc/org.mockito/mockito-core/latest/org.mockito/org/mockito/Mockito.html#0.3
WARNING: A Java agent has been loaded dynamically (C:\Users\Udenar_\.m2\repository\net\bytebuddy\byte-buddy-agent\1.17.8\byte-buddy-agent-1.17.8.jar)
WARNING: If a serviceability tool is in use, please run with -XX:+EnableDynamicAgentLoading to hide this warning
WARNING: If a serviceability tool is not in use, please run with -Djdk.instrument.traceUsage for more information
WARNING: Dynamic loading of agents will be disallowed by default in a future release
]]></system-err>
  </testcase>
</testsuite>